<?xml version="1.0" encoding="UTF-8"?>
<testsuite name="mooc.vandy.java4android.shapes.logic.tools.AutoGrader" tests="1" skipped="0" failures="0" errors="0" timestamp="2016-04-08T18:38:58" hostname="Rajendra" time="0.102">
  <properties/>
  <testcase name="mainTest" classname="mooc.vandy.java4android.shapes.logic.tools.AutoGrader" time="0.102"/>
  <system-out><![CDATA[------------------------------Assignment Evaluation-----------------------------
--------Your solution received points for the following grading rubrics:--------


testTrianglePerimeter
Rubric Score: 10.0/10.0
Goal: The goal of this evaluation is to calculate the TrianglePerimeter
Reference: This Test fails when: The Triange perimeter is miscalculated

testBoxSurfaceArea
Rubric Score: 10.0/10.0
Goal: The goal of this evaluation is to calculate the BoxSurfaceArea
Reference: This Test fails when: The Box surface area is miscalculated

testRectanglePerimeter
Rubric Score: 10.0/10.0
Goal: The goal of this evaluation is to calculate the RectanglePerimeter
Reference: This Test fails when: The Rectangle perimeter is miscalculated

testTriangleArea
Rubric Score: 10.0/10.0
Goal: The goal of this evaluation is to calculate the TriangleArea
Reference: This Test fails when: The Triange area is miscalculated

testRectangleArea
Rubric Score: 10.0/10.0
Goal: The goal of this evaluation is to calculate the RectangleArea
Reference: This Test fails when: The Rectangle area is miscalculated

testCircleCircumference
Rubric Score: 10.0/10.0
Goal: The goal of this evaluation is to calculate the CircleCircumference
Reference: This Test fails when: The Circle circumference is miscalculated

testSphereSurfaceArea
Rubric Score: 10.0/10.0
Goal: The goal of this evaluation is to calculate the SphereSurfaceArea
Reference: This Test fails when: The Sphere surface area is miscalculated

testCircleArea
Rubric Score: 10.0/10.0
Goal: The goal of this evaluation is to calculate the CircleArea
Reference: This Test fails when: The Circle area is miscalculated

testBoxVolume
Rubric Score: 10.0/10.0
Goal: The goal of this evaluation is to calculate the BoxVolume
Reference: This Test fails when: The Box volume is miscalculated

----------Your solution missed points on the following grading rubrics:---------


testSphereVolume
Rubric Score: 0.0/10.0
Goal: The goal of this evaluation is to calculate the SphereVolume
Reference: This Test fails when: The Sphere volume is miscalculated


]]></system-out>
  <system-err><![CDATA[]]></system-err>
</testsuite>
